<?xml version="1.0" encoding="UTF-8"?>
<!-- Generated by org.testng.reporters.JUnitXMLReporter -->
<testsuite ignored="0" hostname="Madhu_Sudhakar" failures="0" tests="4" name="Test" time="26.976" errors="0" timestamp="2024-07-19T14:04:21 IST">
  <testcase classname="TestProject.TestApp.Application" name="animation" time="3.112"/>
  <testcase classname="TestProject.TestApp.Application" name="app" time="4.312"/>
  <testcase classname="TestProject.TestApp.Application" name="demo" time="3.46"/>
  <testcase classname="TestProject.TestApp.Application" name="openApp" time="3.32"/>
</testsuite> <!-- Test -->
