<?xml version="1.0" encoding="UTF-8"?>
<testng-results ignored="0" total="4" passed="4" failed="0" skipped="0">
  <reporter-output>
  </reporter-output>
  <suite started-at="2024-07-19T14:03:54 IST" name="Suite" finished-at="2024-07-19T14:04:21 IST" duration-ms="26976">
    <groups>
    </groups>
    <test started-at="2024-07-19T14:03:54 IST" name="Test" finished-at="2024-07-19T14:04:21 IST" duration-ms="26976">
      <class name="TestProject.TestApp.Application">
        <test-method is-config="true" signature="startDriver()[pri:0, instance:TestProject.TestApp.Application@26d9b808]" started-at="2024-07-19T14:03:54 IST" name="startDriver" finished-at="2024-07-19T14:04:06 IST" duration-ms="11988" status="PASS">
          <reporter-output>
          </reporter-output>
        </test-method> <!-- startDriver -->
        <test-method signature="animation()[pri:0, instance:TestProject.TestApp.Application@26d9b808]" started-at="2024-07-19T14:04:06 IST" name="animation" finished-at="2024-07-19T14:04:09 IST" duration-ms="3112" status="PASS">
          <reporter-output>
          </reporter-output>
        </test-method> <!-- animation -->
        <test-method signature="app()[pri:0, instance:TestProject.TestApp.Application@26d9b808]" started-at="2024-07-19T14:04:09 IST" name="app" finished-at="2024-07-19T14:04:14 IST" duration-ms="4312" status="PASS">
          <reporter-output>
          </reporter-output>
        </test-method> <!-- app -->
        <test-method signature="demo()[pri:0, instance:TestProject.TestApp.Application@26d9b808]" started-at="2024-07-19T14:04:14 IST" name="demo" finished-at="2024-07-19T14:04:17 IST" duration-ms="3460" status="PASS">
          <reporter-output>
          </reporter-output>
        </test-method> <!-- demo -->
        <test-method signature="openApp()[pri:0, instance:TestProject.TestApp.Application@26d9b808]" started-at="2024-07-19T14:04:17 IST" name="openApp" finished-at="2024-07-19T14:04:20 IST" duration-ms="3320" status="PASS">
          <reporter-output>
          </reporter-output>
        </test-method> <!-- openApp -->
        <test-method is-config="true" signature="stopDriver()[pri:0, instance:TestProject.TestApp.Application@26d9b808]" started-at="2024-07-19T14:04:20 IST" name="stopDriver" finished-at="2024-07-19T14:04:21 IST" duration-ms="727" status="PASS">
          <reporter-output>
          </reporter-output>
        </test-method> <!-- stopDriver -->
      </class> <!-- TestProject.TestApp.Application -->
    </test> <!-- Test -->
  </suite> <!-- Suite -->
</testng-results>
