<?xml version="1.0" encoding="UTF-8"?>
<testng-results ignored="0" total="1" passed="1" failed="0" skipped="0">
  <reporter-output>
  </reporter-output>
  <suite started-at="2024-07-07T01:58:47 IST" name="Suite" finished-at="2024-07-07T01:59:04 IST" duration-ms="17047">
    <groups>
    </groups>
    <test started-at="2024-07-07T01:58:47 IST" name="Test" finished-at="2024-07-07T01:59:04 IST" duration-ms="17047">
      <class name="utility.Base">
        <test-method signature="startDriver()[pri:0, instance:utility.Base@b9b00e0]" started-at="2024-07-07T01:58:47 IST" name="startDriver" finished-at="2024-07-07T01:59:04 IST" duration-ms="16943" status="PASS">
          <reporter-output>
          </reporter-output>
        </test-method> <!-- startDriver -->
      </class> <!-- utility.Base -->
    </test> <!-- Test -->
  </suite> <!-- Suite -->
</testng-results>
